Info : Unable to match requested speed 1000 kHz, using 950 kHz
Info : Unable to match requested speed 1000 kHz, using 950 kHz
Info : clock speed 950 kHz
Info : STLINK v2 JTAG v16 API v2 SWIM v0 VID 0x0483 PID 0x3748
Info : using stlink api v2
Info : Target voltage: 2.907884
Info : stm32f3x.cpu: hardware has 6 breakpoints, 4 watchpoints
Info : accepting 'gdb' connection from pipe
Info : device id = 0x10036422
Info : flash size = 256kbytes
undefined debug reason 7 - target needs reset
  flash init
init
  jtag arp_init
  jtag arp_init-reset
  jtag init
  mflash init
  nand init
noinit
  pld init
power_restore
reset [run|halt|init]
srst_deasserted
  target init
  transport init

adapter speed: 1000 kHz
target halted due to debug-request, current mode: Thread 
xPSR: 0x01000000 pc: 0x080002e8 msp: 0x20008000
adapter speed: 8000 kHz
target halted due to breakpoint, current mode: Thread 
xPSR: 0x61000000 pc: 0x2000003a msp: 0x20008000
adapter speed: 1000 kHz
target halted due to debug-request, current mode: Thread 
xPSR: 0x01000000 pc: 0x080002e8 msp: 0x20008000
Info : halted: PC: 0x080001da
Info : halted: PC: 0x080001ec
Info : dropped 'gdb' connection
